composeApp/build/intermediates/manifest_merge_blame_file/release/processReleaseMainManifest/manifest-merger-blame-release-report.txt
1<?xml version="1.0" encoding="utf-8"?>
2<manifest xmlns:android="http://schemas.android.com/apk/res/android"
3    package="com.cactus.example"
4    android:versionCode="1"
5    android:versionName="1.0" >
6
7    <uses-sdk
8        android:minSdkVersion="24"
9        android:targetSdkVersion="35" />
10
11    <uses-permission android:name="android.permission.INTERNET" />
11-->src/androidMain/AndroidManifest.xml:5:5-67
11-->src/androidMain/AndroidManifest.xml:5:22-64
12    <uses-permission android:name="android.permission.POST_NOTIFICATIONS" />
12-->src/androidMain/AndroidManifest.xml:6:5-77
12-->src/androidMain/AndroidManifest.xml:6:22-74
13    <uses-permission android:name="android.permission.SYSTEM_ALERT_WINDOW" />
13-->src/androidMain/AndroidManifest.xml:7:5-78
13-->src/androidMain/AndroidManifest.xml:7:22-75
14    <uses-permission android:name="android.permission.FOREGROUND_SERVICE" />
14-->src/androidMain/AndroidManifest.xml:8:5-77
14-->src/androidMain/AndroidManifest.xml:8:22-74
15    <uses-permission android:name="android.permission.FOREGROUND_SERVICE_SPECIAL_USE" />
15-->src/androidMain/AndroidManifest.xml:9:5-89
15-->src/androidMain/AndroidManifest.xml:9:22-86
16    <uses-permission
16-->src/androidMain/AndroidManifest.xml:10:5-12:47
17        android:name="android.permission.PACKAGE_USAGE_STATS"
17-->src/androidMain/AndroidManifest.xml:10:22-75
18        android:protectionLevel="signature|privileged|appop|preinstalled|installer|verifier|setup" />
18-->src/androidMain/AndroidManifest.xml:11:9-99
19    <uses-permission android:name="android.permission.RECEIVE_BOOT_COMPLETED" />
19-->src/androidMain/AndroidManifest.xml:13:5-81
19-->src/androidMain/AndroidManifest.xml:13:22-78
20
21    <permission
21-->[androidx.core:core:1.12.0] AndroidManifest.xml:22:5-24:47
22        android:name="com.cactus.example.DYNAMIC_RECEIVER_NOT_EXPORTED_PERMISSION"
22-->[androidx.core:core:1.12.0] AndroidManifest.xml:23:9-81
23        android:protectionLevel="signature" />
23-->[androidx.core:core:1.12.0] AndroidManifest.xml:24:9-44
24
25    <uses-permission android:name="com.cactus.example.DYNAMIC_RECEIVER_NOT_EXPORTED_PERMISSION" />
25-->[androidx.core:core:1.12.0] AndroidManifest.xml:26:5-97
25-->[androidx.core:core:1.12.0] AndroidManifest.xml:26:22-94
26
27    <application
27-->src/androidMain/AndroidManifest.xml:15:5-82:19
28        android:name="com.cactus.example.MyApplication"
28-->src/androidMain/AndroidManifest.xml:16:9-38
29        android:allowBackup="true"
29-->src/androidMain/AndroidManifest.xml:17:9-35
30        android:appComponentFactory="androidx.core.app.CoreComponentFactory"
30-->[androidx.core:core:1.12.0] AndroidManifest.xml:28:18-86
31        android:extractNativeLibs="true"
31-->src/androidMain/AndroidManifest.xml:24:9-41
32        android:icon="@mipmap/ic_launcher"
32-->src/androidMain/AndroidManifest.xml:18:9-43
33        android:label="@string/app_name"
33-->src/androidMain/AndroidManifest.xml:19:9-41
34        android:roundIcon="@mipmap/ic_launcher_round"
34-->src/androidMain/AndroidManifest.xml:20:9-54
35        android:supportsRtl="true"
35-->src/androidMain/AndroidManifest.xml:21:9-35
36        android:theme="@style/Theme.AppCompat.NoActionBar"
36-->src/androidMain/AndroidManifest.xml:22:9-59
37        android:usesCleartextTraffic="true" >
37-->src/androidMain/AndroidManifest.xml:23:9-44
38        <activity
38-->src/androidMain/AndroidManifest.xml:25:9-33:20
39            android:name="com.cactus.example.SplashActivity"
39-->src/androidMain/AndroidManifest.xml:26:13-43
40            android:exported="true"
40-->src/androidMain/AndroidManifest.xml:27:13-36
41            android:theme="@style/Theme.AppCompat.NoActionBar" >
41-->src/androidMain/AndroidManifest.xml:28:13-63
42            <intent-filter>
42-->src/androidMain/AndroidManifest.xml:29:13-32:29
43                <action android:name="android.intent.action.MAIN" />
43-->src/androidMain/AndroidManifest.xml:30:17-69
43-->src/androidMain/AndroidManifest.xml:30:25-66
44
45                <category android:name="android.intent.category.LAUNCHER" />
45-->src/androidMain/AndroidManifest.xml:31:17-77
45-->src/androidMain/AndroidManifest.xml:31:27-74
46            </intent-filter>
47        </activity>
48        <activity
48-->src/androidMain/AndroidManifest.xml:34:9-41:20
49            android:name="com.cactus.example.MainActivity"
49-->src/androidMain/AndroidManifest.xml:37:13-41
50            android:exported="true"
50-->src/androidMain/AndroidManifest.xml:35:13-36
51            android:windowSoftInputMode="adjustResize" >
51-->src/androidMain/AndroidManifest.xml:36:13-55
52            <intent-filter>
52-->src/androidMain/AndroidManifest.xml:38:13-40:29
53                <action android:name="android.intent.action.MAIN" />
53-->src/androidMain/AndroidManifest.xml:30:17-69
53-->src/androidMain/AndroidManifest.xml:30:25-66
54            </intent-filter>
55        </activity>
56
57        <service
57-->src/androidMain/AndroidManifest.xml:43:9-50:19
58            android:name="com.cactus.example.NotificationListener"
58-->src/androidMain/AndroidManifest.xml:44:13-49
59            android:exported="true"
59-->src/androidMain/AndroidManifest.xml:45:13-36
60            android:permission="android.permission.BIND_NOTIFICATION_LISTENER_SERVICE" >
60-->src/androidMain/AndroidManifest.xml:46:13-87
61            <intent-filter>
61-->src/androidMain/AndroidManifest.xml:47:13-49:29
62                <action android:name="android.service.notification.NotificationListenerService" />
62-->src/androidMain/AndroidManifest.xml:48:17-99
62-->src/androidMain/AndroidManifest.xml:48:25-96
63            </intent-filter>
64        </service>
65        <service
65-->src/androidMain/AndroidManifest.xml:52:9-59:19
66            android:name="com.cactus.example.AppBlockerService"
66-->src/androidMain/AndroidManifest.xml:53:13-46
67            android:exported="false"
67-->src/androidMain/AndroidManifest.xml:54:13-37
68            android:foregroundServiceType="specialUse" >
68-->src/androidMain/AndroidManifest.xml:55:13-55
69            <property
69-->src/androidMain/AndroidManifest.xml:56:13-58:62
70                android:name="android.app.PROPERTY_SPECIAL_USE_FGS_SUBTYPE"
70-->src/androidMain/AndroidManifest.xml:57:17-76
71                android:value="App blocker for focus mode" />
71-->src/androidMain/AndroidManifest.xml:58:17-59
72        </service>
73
74        <receiver
74-->src/androidMain/AndroidManifest.xml:61:9-63:40
75            android:name="com.cactus.example.UnlockReceiver"
75-->src/androidMain/AndroidManifest.xml:62:13-43
76            android:exported="false" />
76-->src/androidMain/AndroidManifest.xml:63:13-37
77        <receiver
77-->src/androidMain/AndroidManifest.xml:65:9-71:20
78            android:name="com.cactus.example.BootReceiver"
78-->src/androidMain/AndroidManifest.xml:66:13-41
79            android:exported="true" >
79-->src/androidMain/AndroidManifest.xml:67:13-36
80            <intent-filter>
80-->src/androidMain/AndroidManifest.xml:68:13-70:29
81                <action android:name="android.intent.action.BOOT_COMPLETED" />
81-->src/androidMain/AndroidManifest.xml:69:17-79
81-->src/androidMain/AndroidManifest.xml:69:25-76
82            </intent-filter>
83        </receiver>
84        <receiver
84-->src/androidMain/AndroidManifest.xml:73:9-81:20
85            android:name="com.cactus.example.DeviceStateReceiver"
85-->src/androidMain/AndroidManifest.xml:74:13-48
86            android:exported="true" >
86-->src/androidMain/AndroidManifest.xml:75:13-36
87            <intent-filter>
87-->src/androidMain/AndroidManifest.xml:76:13-80:29
88                <action android:name="android.intent.action.SCREEN_ON" />
88-->src/androidMain/AndroidManifest.xml:77:17-74
88-->src/androidMain/AndroidManifest.xml:77:25-71
89                <action android:name="android.intent.action.SCREEN_OFF" />
89-->src/androidMain/AndroidManifest.xml:78:17-75
89-->src/androidMain/AndroidManifest.xml:78:25-72
90                <action android:name="android.intent.action.USER_PRESENT" />
90-->src/androidMain/AndroidManifest.xml:79:17-77
90-->src/androidMain/AndroidManifest.xml:79:25-74
91            </intent-filter>
92        </receiver>
93
94        <provider
94-->[androidx.emoji2:emoji2:1.3.0] AndroidManifest.xml:24:9-32:20
95            android:name="androidx.startup.InitializationProvider"
95-->[androidx.emoji2:emoji2:1.3.0] AndroidManifest.xml:25:13-67
96            android:authorities="com.cactus.example.androidx-startup"
96-->[androidx.emoji2:emoji2:1.3.0] AndroidManifest.xml:26:13-68
97            android:exported="false" >
97-->[androidx.emoji2:emoji2:1.3.0] AndroidManifest.xml:27:13-37
98            <meta-data
98-->[androidx.emoji2:emoji2:1.3.0] AndroidManifest.xml:29:13-31:52
99                android:name="androidx.emoji2.text.EmojiCompatInitializer"
99-->[androidx.emoji2:emoji2:1.3.0] AndroidManifest.xml:30:17-75
100                android:value="androidx.startup" />
100-->[androidx.emoji2:emoji2:1.3.0] AndroidManifest.xml:31:17-49
101            <meta-data
101-->[androidx.lifecycle:lifecycle-process:2.7.0] AndroidManifest.xml:29:13-31:52
102                android:name="androidx.lifecycle.ProcessLifecycleInitializer"
102-->[androidx.lifecycle:lifecycle-process:2.7.0] AndroidManifest.xml:30:17-78
103                android:value="androidx.startup" />
103-->[androidx.lifecycle:lifecycle-process:2.7.0] AndroidManifest.xml:31:17-49
104            <meta-data
104-->[androidx.profileinstaller:profileinstaller:1.3.0] AndroidManifest.xml:29:13-31:52
105                android:name="androidx.profileinstaller.ProfileInstallerInitializer"
105-->[androidx.profileinstaller:profileinstaller:1.3.0] AndroidManifest.xml:30:17-85
106                android:value="androidx.startup" />
106-->[androidx.profileinstaller:profileinstaller:1.3.0] AndroidManifest.xml:31:17-49
107        </provider>
108
109        <receiver
109-->[androidx.profileinstaller:profileinstaller:1.3.0] AndroidManifest.xml:34:9-52:20
110            android:name="androidx.profileinstaller.ProfileInstallReceiver"
110-->[androidx.profileinstaller:profileinstaller:1.3.0] AndroidManifest.xml:35:13-76
111            android:directBootAware="false"
111-->[androidx.profileinstaller:profileinstaller:1.3.0] AndroidManifest.xml:36:13-44
112            android:enabled="true"
112-->[androidx.profileinstaller:profileinstaller:1.3.0] AndroidManifest.xml:37:13-35
113            android:exported="true"
113-->[androidx.profileinstaller:profileinstaller:1.3.0] AndroidManifest.xml:38:13-36
114            android:permission="android.permission.DUMP" >
114-->[androidx.profileinstaller:profileinstaller:1.3.0] AndroidManifest.xml:39:13-57
115            <intent-filter>
115-->[androidx.profileinstaller:profileinstaller:1.3.0] AndroidManifest.xml:40:13-42:29
116                <action android:name="androidx.profileinstaller.action.INSTALL_PROFILE" />
116-->[androidx.profileinstaller:profileinstaller:1.3.0] AndroidManifest.xml:41:17-91
116-->[androidx.profileinstaller:profileinstaller:1.3.0] AndroidManifest.xml:41:25-88
117            </intent-filter>
118            <intent-filter>
118-->[androidx.profileinstaller:profileinstaller:1.3.0] AndroidManifest.xml:43:13-45:29
119                <action android:name="androidx.profileinstaller.action.SKIP_FILE" />
119-->[androidx.profileinstaller:profileinstaller:1.3.0] AndroidManifest.xml:44:17-85
119-->[androidx.profileinstaller:profileinstaller:1.3.0] AndroidManifest.xml:44:25-82
120            </intent-filter>
121            <intent-filter>
121-->[androidx.profileinstaller:profileinstaller:1.3.0] AndroidManifest.xml:46:13-48:29
122                <action android:name="androidx.profileinstaller.action.SAVE_PROFILE" />
122-->[androidx.profileinstaller:profileinstaller:1.3.0] AndroidManifest.xml:47:17-88
122-->[androidx.profileinstaller:profileinstaller:1.3.0] AndroidManifest.xml:47:25-85
123            </intent-filter>
124            <intent-filter>
124-->[androidx.profileinstaller:profileinstaller:1.3.0] AndroidManifest.xml:49:13-51:29
125                <action android:name="androidx.profileinstaller.action.BENCHMARK_OPERATION" />
125-->[androidx.profileinstaller:profileinstaller:1.3.0] AndroidManifest.xml:50:17-95
125-->[androidx.profileinstaller:profileinstaller:1.3.0] AndroidManifest.xml:50:25-92
126            </intent-filter>
127        </receiver>
128    </application>
129
130</manifest>